  ProyectoFinal.cpp
C:\Users\Alan MG\Documents\Github\113005901_Proyecto_GPO12\ProyectoFinal\ProyectoFinal\ProyectoFinal.cpp(250,30): warning C4244: 'inicializando': conversión de 'double' a 'GLfloat'; posible pérdida de datos
C:\Users\Alan MG\Documents\Github\113005901_Proyecto_GPO12\ProyectoFinal\ProyectoFinal\ProyectoFinal.cpp(233,38): warning C4101: 'nrChannels': variable local sin referencia
C:\Users\Alan MG\Documents\Github\113005901_Proyecto_GPO12\ProyectoFinal\ProyectoFinal\ProyectoFinal.cpp(233,9): warning C4101: 'textureWidth': variable local sin referencia
C:\Users\Alan MG\Documents\Github\113005901_Proyecto_GPO12\ProyectoFinal\ProyectoFinal\ProyectoFinal.cpp(235,20): warning C4101: 'image': variable local sin referencia
C:\Users\Alan MG\Documents\Github\113005901_Proyecto_GPO12\ProyectoFinal\ProyectoFinal\ProyectoFinal.cpp(233,23): warning C4101: 'textureHeight': variable local sin referencia
C:\Users\Alan MG\Documents\Github\113005901_Proyecto_GPO12\ProyectoFinal\ProyectoFinal\ProyectoFinal.cpp(970,17): warning C4244: '=': conversión de 'double' a 'GLfloat'; posible pérdida de datos
C:\Users\Alan MG\Documents\Github\113005901_Proyecto_GPO12\ProyectoFinal\ProyectoFinal\ProyectoFinal.cpp(971,17): warning C4244: '=': conversión de 'double' a 'GLfloat'; posible pérdida de datos
C:\Users\Alan MG\Documents\Github\113005901_Proyecto_GPO12\ProyectoFinal\ProyectoFinal\ProyectoFinal.cpp(975,21): warning C4244: 'inicializando': conversión de 'double' a 'GLfloat'; posible pérdida de datos
C:\Users\Alan MG\Documents\Github\113005901_Proyecto_GPO12\ProyectoFinal\ProyectoFinal\ProyectoFinal.cpp(976,21): warning C4244: 'inicializando': conversión de 'double' a 'GLfloat'; posible pérdida de datos
C:\Users\Alan MG\Documents\Github\113005901_Proyecto_GPO12\ProyectoFinal\ProyectoFinal\ProyectoFinal.cpp(978,13): warning C4244: '=': conversión de 'double' a 'GLfloat'; posible pérdida de datos
C:\Users\Alan MG\Documents\Github\113005901_Proyecto_GPO12\ProyectoFinal\ProyectoFinal\ProyectoFinal.cpp(979,13): warning C4244: '=': conversión de 'double' a 'GLfloat'; posible pérdida de datos
soil2-debug.lib(SOIL2.obj) : warning LNK4075: se omite '/EDITANDCONTINUE' debido a la especificación '/OPT:ICF'
LINK : warning LNK4098: la biblioteca predeterminada'MSVCRTD' entra en conflicto con otras bibliotecas; use la biblioteca /NODEFAULTLIB:biblioteca
  Generando código
  9 of 625 functions ( 1.4%) were compiled, the rest were copied from previous compilation.
    0 functions were new in current compilation
    9 functions had inline decision re-evaluated but remain unchanged
  Generación de código finalizada
soil2-debug.lib(etc1_utils.obj) : warning LNK4099: no se encontró PDB '' con 'soil2-debug.lib(etc1_utils.obj)' o en ''; se vinculará el objeto sin tener en cuenta información de depuración
soil2-debug.lib(image_DXT.obj) : warning LNK4099: no se encontró PDB 'soil2-debug.pdb' con 'soil2-debug.lib(image_DXT.obj)' o en 'C:\Users\Alan MG\Documents\Github\113005901_Proyecto_GPO12\ProyectoFinal\Release\soil2-debug.pdb'; se vinculará el objeto sin tener en cuenta información de depuración
soil2-debug.lib(image_helper.obj) : warning LNK4099: no se encontró PDB '' con 'soil2-debug.lib(image_helper.obj)' o en ''; se vinculará el objeto sin tener en cuenta información de depuración
soil2-debug.lib(SOIL2.obj) : warning LNK4099: no se encontró PDB 'soil2-debug.pdb' con 'soil2-debug.lib(SOIL2.obj)' o en 'C:\Users\Alan MG\Documents\Github\113005901_Proyecto_GPO12\ProyectoFinal\Release\soil2-debug.pdb'; se vinculará el objeto sin tener en cuenta información de depuración
  ProyectoFinal.vcxproj -> C:\Users\Alan MG\Documents\Github\113005901_Proyecto_GPO12\ProyectoFinal\Release\ProyectoFinal.exe
